<?xml version="1.0" encoding="UTF-8"?>
<!-- Generated by org.testng.reporters.JUnitReportReporter -->
<testsuite hostname="LIN51017269" failures="0" tests="1" name="com.cg.PdfClass" time="38.189" errors="0" timestamp="2022-06-19T11:54:56 IST" skipped="0">
  <testcase classname="com.cg.PdfClass" name="ReadFile" time="38.189"/>
  <system-out/>
</testsuite> <!-- com.cg.PdfClass -->
